iMPACT Version: 12.4

iMPACT log file Started on Thu Aug 21 15:36:22 2014

Welcome to iMPACT
iMPACT Version: 12.4
Project: 'D:\Xilinx\lab9\lab9_1\\auto_project.ipf' already exists.
Original project has been renamed to'D:\Xilinx\lab9\lab9_1\\auto_project_1.ipf'.
Project: D:\Xilinx\lab9\lab9_1\\auto_project.ipf created.
// *** BATCH CMD : setMode -bs
GUI --- Auto connect to cable...
// *** BATCH CMD : setCable -port auto
AutoDetecting cable. Please wait.
PROGRESS_START - Starting Operation.
Connecting to cable (Usb Port - USB21).
Checking cable driver.
 Source driver files not found.
The Platform Cable USB is not detected. Please connect a cable.If a cable isconnected, please disconnect
and reconnect to the usb port, follow the instructions in the 'Found NewHardware Wizard', then retry
the Cable Setup operation.
Cable connection failed.
Connecting to cable (Parallel Port - LPT1).
Checking cable driver.
Your driver installation is not complete. Please rerun your application
as an administrator to complete the driver installation.
Service using windrvr6.sys : SYSTEM\CurrentControlSet\Services\WinDriver6.
 ImagePath = system32\drivers\windrvr6.sys.
 Start = 3.
 ErrorControl = 1.
 Type=1.
Cable connection failed.
Connecting to cable (Parallel Port - LPT2).
Checking cable driver.
Your driver installation is not complete. Please rerun your application
as an administrator to complete the driver installation.
Service using windrvr6.sys : SYSTEM\CurrentControlSet\Services\WinDriver6.
 ImagePath = system32\drivers\windrvr6.sys.
 Start = 3.
 ErrorControl = 1.
 Type=1.
Cable connection failed.
Connecting to cable (Parallel Port - LPT3).
Checking cable driver.
Your driver installation is not complete. Please rerun your application
as an administrator to complete the driver installation.
Service using windrvr6.sys : SYSTEM\CurrentControlSet\Services\WinDriver6.
 ImagePath = system32\drivers\windrvr6.sys.
 Start = 3.
 ErrorControl = 1.
 Type=1.
Cable connection failed.
Connecting to cable (Parallel Port - LPT4).
Checking cable driver.
Your driver installation is not complete. Please rerun your application
as an administrator to complete the driver installation.
Service using windrvr6.sys : SYSTEM\CurrentControlSet\Services\WinDriver6.
 ImagePath = system32\drivers\windrvr6.sys.
 Start = 3.
 ErrorControl = 1.
 Type=1.
Cable connection failed.
PROGRESS_END - End Operation.
Elapsed time =      1 sec.
Cable autodetection failed.
WARNING:iMPACT:923 - Can not find cable, check cable setup !// *** BATCH CMD : setMode -bs
// *** BATCH CMD : setMode -ss
// *** BATCH CMD : setMode -sm
// *** BATCH CMD : setMode -hw140
// *** BATCH CMD : setMode -spi
// *** BATCH CMD : setMode -acecf
// *** BATCH CMD : setMode -acempm
// *** BATCH CMD : setMode -pff
Welcome to iMPACT
iMPACT Version: 12.4
Project: 'D:\Xilinx\lab9\lab9_1\\auto_project.ipf' already exists.
Original project has been renamed to'D:\Xilinx\lab9\lab9_1\\auto_project_1.ipf'.
Project: D:\Xilinx\lab9\lab9_1\\auto_project.ipf created.
// *** BATCH CMD : setMode -bs
GUI --- Auto connect to cable...
// *** BATCH CMD : setCable -port auto
AutoDetecting cable. Please wait.
PROGRESS_START - Starting Operation.
Connecting to cable (Usb Port - USB21).
Checking cable driver.
 Source driver files not found.
The Platform Cable USB is not detected. Please connect a cable.If a cable isconnected, please disconnect
and reconnect to the usb port, follow the instructions in the 'Found NewHardware Wizard', then retry
the Cable Setup operation.
Cable connection failed.
Connecting to cable (Parallel Port - LPT1).
Checking cable driver.
Your driver installation is not complete. Please rerun your application
as an administrator to complete the driver installation.
Service using windrvr6.sys : SYSTEM\CurrentControlSet\Services\WinDriver6.
 ImagePath = system32\drivers\windrvr6.sys.
 Start = 3.
 ErrorControl = 1.
 Type=1.
Cable connection failed.
Connecting to cable (Parallel Port - LPT2).
Checking cable driver.
Your driver installation is not complete. Please rerun your application
as an administrator to complete the driver installation.
Service using windrvr6.sys : SYSTEM\CurrentControlSet\Services\WinDriver6.
 ImagePath = system32\drivers\windrvr6.sys.
 Start = 3.
 ErrorControl = 1.
 Type=1.
Cable connection failed.
Connecting to cable (Parallel Port - LPT3).
Checking cable driver.
Your driver installation is not complete. Please rerun your application
as an administrator to complete the driver installation.
Service using windrvr6.sys : SYSTEM\CurrentControlSet\Services\WinDriver6.
 ImagePath = system32\drivers\windrvr6.sys.
 Start = 3.
 ErrorControl = 1.
 Type=1.
Cable connection failed.
Connecting to cable (Parallel Port - LPT4).
Checking cable driver.
Your driver installation is not complete. Please rerun your application
as an administrator to complete the driver installation.
Service using windrvr6.sys : SYSTEM\CurrentControlSet\Services\WinDriver6.
 ImagePath = system32\drivers\windrvr6.sys.
 Start = 3.
 ErrorControl = 1.
 Type=1.
Cable connection failed.
PROGRESS_END - End Operation.
Elapsed time =      2 sec.
Cable autodetection failed.
WARNING:iMPACT:923 - Can not find cable, check cable setup !// *** BATCH CMD : setMode -bs
// *** BATCH CMD : setMode -ss
// *** BATCH CMD : setMode -sm
// *** BATCH CMD : setMode -hw140
// *** BATCH CMD : setMode -spi
// *** BATCH CMD : setMode -acecf
// *** BATCH CMD : setMode -acempm
// *** BATCH CMD : setMode -pff
Welcome to iMPACT
iMPACT Version: 12.4
Project: 'D:\Xilinx\lab9\lab9_1\\auto_project.ipf' already exists.
Original project has been renamed to'D:\Xilinx\lab9\lab9_1\\auto_project_1.ipf'.
Project: D:\Xilinx\lab9\lab9_1\\auto_project.ipf created.
// *** BATCH CMD : setMode -bs
GUI --- Auto connect to cable...
// *** BATCH CMD : setCable -port auto
AutoDetecting cable. Please wait.
PROGRESS_START - Starting Operation.
Connecting to cable (Usb Port - USB21).
Checking cable driver.
 Source driver files not found.
The Platform Cable USB is not detected. Please connect a cable.If a cable isconnected, please disconnect
and reconnect to the usb port, follow the instructions in the 'Found NewHardware Wizard', then retry
the Cable Setup operation.
Cable connection failed.
Connecting to cable (Parallel Port - LPT1).
Checking cable driver.
Your driver installation is not complete. Please rerun your application
as an administrator to complete the driver installation.
Service using windrvr6.sys : SYSTEM\CurrentControlSet\Services\WinDriver6.
 ImagePath = system32\drivers\windrvr6.sys.
 Start = 3.
 ErrorControl = 1.
 Type=1.
Cable connection failed.
Connecting to cable (Parallel Port - LPT2).
Checking cable driver.
Your driver installation is not complete. Please rerun your application
as an administrator to complete the driver installation.
Service using windrvr6.sys : SYSTEM\CurrentControlSet\Services\WinDriver6.
 ImagePath = system32\drivers\windrvr6.sys.
 Start = 3.
 ErrorControl = 1.
 Type=1.
Cable connection failed.
Connecting to cable (Parallel Port - LPT3).
Checking cable driver.
Your driver installation is not complete. Please rerun your application
as an administrator to complete the driver installation.
Service using windrvr6.sys : SYSTEM\CurrentControlSet\Services\WinDriver6.
 ImagePath = system32\drivers\windrvr6.sys.
 Start = 3.
 ErrorControl = 1.
 Type=1.
Cable connection failed.
Connecting to cable (Parallel Port - LPT4).
Checking cable driver.
Your driver installation is not complete. Please rerun your application
as an administrator to complete the driver installation.
Service using windrvr6.sys : SYSTEM\CurrentControlSet\Services\WinDriver6.
 ImagePath = system32\drivers\windrvr6.sys.
 Start = 3.
 ErrorControl = 1.
 Type=1.
Cable connection failed.
PROGRESS_END - End Operation.
Elapsed time =      2 sec.
Cable autodetection failed.
WARNING:iMPACT:923 - Can not find cable, check cable setup !// *** BATCH CMD : addDevice -p 1 -file "D:/SoC/SoC/top.bit"
'1': Loading file 'D:/SoC/SoC/top.bit' ...
done.
INFO:iMPACT:1777 - 
   Reading C:/Xilinx/12.4/ISE_DS/ISE/spartan6/data/xc6slx16.bsd...
INFO:iMPACT:2257 - Startup Clock has been changed to 'JtagClk' in the bitstream   stored in memory,
   but the original bitstream file remains unchanged.
UserID read from the bitstream file = 0xFFFFFFFF.
Data width read from the bitstream file = 1.
INFO:iMPACT:501 - '1': Added Device xc6slx16 successfully.
----------------------------------------------------------------------
GUI --- Auto connect to cable...
// *** BATCH CMD : setCable -port auto
AutoDetecting cable. Please wait.
PROGRESS_START - Starting Operation.
Connecting to cable (Usb Port - USB21).
Checking cable driver.
 Source driver files not found.
The Platform Cable USB is not detected. Please connect a cable.If a cable isconnected, please disconnect
and reconnect to the usb port, follow the instructions in the 'Found NewHardware Wizard', then retry
the Cable Setup operation.
Cable connection failed.
Connecting to cable (Parallel Port - LPT1).
Checking cable driver.
Your driver installation is not complete. Please rerun your application
as an administrator to complete the driver installation.
Service using windrvr6.sys : SYSTEM\CurrentControlSet\Services\WinDriver6.
 ImagePath = system32\drivers\windrvr6.sys.
 Start = 3.
 ErrorControl = 1.
 Type=1.
Cable connection failed.
Connecting to cable (Parallel Port - LPT2).
Checking cable driver.
Your driver installation is not complete. Please rerun your application
as an administrator to complete the driver installation.
Service using windrvr6.sys : SYSTEM\CurrentControlSet\Services\WinDriver6.
 ImagePath = system32\drivers\windrvr6.sys.
 Start = 3.
 ErrorControl = 1.
 Type=1.
Cable connection failed.
Connecting to cable (Parallel Port - LPT3).
Checking cable driver.
Your driver installation is not complete. Please rerun your application
as an administrator to complete the driver installation.
Service using windrvr6.sys : SYSTEM\CurrentControlSet\Services\WinDriver6.
 ImagePath = system32\drivers\windrvr6.sys.
 Start = 3.
 ErrorControl = 1.
 Type=1.
Cable connection failed.
Connecting to cable (Parallel Port - LPT4).
Checking cable driver.
Your driver installation is not complete. Please rerun your application
as an administrator to complete the driver installation.
Service using windrvr6.sys : SYSTEM\CurrentControlSet\Services\WinDriver6.
 ImagePath = system32\drivers\windrvr6.sys.
 Start = 3.
 ErrorControl = 1.
 Type=1.
Cable connection failed.
PROGRESS_END - End Operation.
Elapsed time =      2 sec.
Cable autodetection failed.
WARNING:iMPACT:923 - Can not find cable, check cable setup !Project: 'D:\Xilinx\lab9\lab9_1\\auto_project.ipf' created.
// *** BATCH CMD : setMode -bs
// *** BATCH CMD : setMode -ss
// *** BATCH CMD : setMode -sm
// *** BATCH CMD : setMode -hw140
// *** BATCH CMD : setMode -spi
// *** BATCH CMD : setMode -acecf
// *** BATCH CMD : setMode -acempm
// *** BATCH CMD : setMode -pff
// *** BATCH CMD : setMode -bs
// *** BATCH CMD : saveProjectFile -file"D:\Xilinx\lab9\lab9_1\\auto_project.ipf"
// *** BATCH CMD : setMode -bs
// *** BATCH CMD : deleteDevice -position 1
// *** BATCH CMD : setMode -bs
// *** BATCH CMD : setMode -ss
// *** BATCH CMD : setMode -sm
// *** BATCH CMD : setMode -hw140
// *** BATCH CMD : setMode -spi
// *** BATCH CMD : setMode -acecf
// *** BATCH CMD : setMode -acempm
// *** BATCH CMD : setMode -pff
Welcome to iMPACT
iMPACT Version: 12.4
Project: 'D:\Xilinx\lab9\lab9_1\\auto_project.ipf' already exists.
Original project has been renamed to'D:\Xilinx\lab9\lab9_1\\auto_project_1.ipf'.
Project: D:\Xilinx\lab9\lab9_1\\auto_project.ipf created.
// *** BATCH CMD : setMode -bs
GUI --- Auto connect to cable...
// *** BATCH CMD : setCable -port auto
AutoDetecting cable. Please wait.
PROGRESS_START - Starting Operation.
Connecting to cable (Usb Port - USB21).
Checking cable driver.
 Source driver files not found.
The Platform Cable USB is not detected. Please connect a cable.If a cable isconnected, please disconnect
and reconnect to the usb port, follow the instructions in the 'Found NewHardware Wizard', then retry
the Cable Setup operation.
Cable connection failed.
Connecting to cable (Parallel Port - LPT1).
Checking cable driver.
Your driver installation is not complete. Please rerun your application
as an administrator to complete the driver installation.
Service using windrvr6.sys : SYSTEM\CurrentControlSet\Services\WinDriver6.
 ImagePath = system32\drivers\windrvr6.sys.
 Start = 3.
 ErrorControl = 1.
 Type=1.
Cable connection failed.
Connecting to cable (Parallel Port - LPT2).
Checking cable driver.
Your driver installation is not complete. Please rerun your application
as an administrator to complete the driver installation.
Service using windrvr6.sys : SYSTEM\CurrentControlSet\Services\WinDriver6.
 ImagePath = system32\drivers\windrvr6.sys.
 Start = 3.
 ErrorControl = 1.
 Type=1.
Cable connection failed.
Connecting to cable (Parallel Port - LPT3).
Checking cable driver.
Your driver installation is not complete. Please rerun your application
as an administrator to complete the driver installation.
Service using windrvr6.sys : SYSTEM\CurrentControlSet\Services\WinDriver6.
 ImagePath = system32\drivers\windrvr6.sys.
 Start = 3.
 ErrorControl = 1.
 Type=1.
Cable connection failed.
Connecting to cable (Parallel Port - LPT4).
Checking cable driver.
Your driver installation is not complete. Please rerun your application
as an administrator to complete the driver installation.
Service using windrvr6.sys : SYSTEM\CurrentControlSet\Services\WinDriver6.
 ImagePath = system32\drivers\windrvr6.sys.
 Start = 3.
 ErrorControl = 1.
 Type=1.
Cable connection failed.
PROGRESS_END - End Operation.
Elapsed time =      1 sec.
Cable autodetection failed.
WARNING:iMPACT:923 - Can not find cable, check cable setup !GUI --- Auto connect to cable...
// *** BATCH CMD : setCable -port auto
AutoDetecting cable. Please wait.
PROGRESS_START - Starting Operation.
Connecting to cable (Usb Port - USB21).
Checking cable driver.
 Source driver files not found.
The Platform Cable USB is not detected. Please connect a cable.If a cable isconnected, please disconnect
and reconnect to the usb port, follow the instructions in the 'Found NewHardware Wizard', then retry
the Cable Setup operation.
Cable connection failed.
Connecting to cable (Parallel Port - LPT1).
Checking cable driver.
Your driver installation is not complete. Please rerun your application
as an administrator to complete the driver installation.
Service using windrvr6.sys : SYSTEM\CurrentControlSet\Services\WinDriver6.
 ImagePath = system32\drivers\windrvr6.sys.
 Start = 3.
 ErrorControl = 1.
 Type=1.
Cable connection failed.
Connecting to cable (Parallel Port - LPT2).
Checking cable driver.
Your driver installation is not complete. Please rerun your application
as an administrator to complete the driver installation.
Service using windrvr6.sys : SYSTEM\CurrentControlSet\Services\WinDriver6.
 ImagePath = system32\drivers\windrvr6.sys.
 Start = 3.
 ErrorControl = 1.
 Type=1.
Cable connection failed.
Connecting to cable (Parallel Port - LPT3).
Checking cable driver.
Your driver installation is not complete. Please rerun your application
as an administrator to complete the driver installation.
Service using windrvr6.sys : SYSTEM\CurrentControlSet\Services\WinDriver6.
 ImagePath = system32\drivers\windrvr6.sys.
 Start = 3.
 ErrorControl = 1.
 Type=1.
Cable connection failed.
Connecting to cable (Parallel Port - LPT4).
Checking cable driver.
Your driver installation is not complete. Please rerun your application
as an administrator to complete the driver installation.
Service using windrvr6.sys : SYSTEM\CurrentControlSet\Services\WinDriver6.
 ImagePath = system32\drivers\windrvr6.sys.
 Start = 3.
 ErrorControl = 1.
 Type=1.
Cable connection failed.
PROGRESS_END - End Operation.
Elapsed time =      1 sec.
Cable autodetection failed.
WARNING:iMPACT:923 - Can not find cable, check cable setup !GUI --- Auto connect to cable...
// *** BATCH CMD : setCable -port auto
AutoDetecting cable. Please wait.
PROGRESS_START - Starting Operation.
Connecting to cable (Usb Port - USB21).
Checking cable driver.
 Source driver files not found.
The Platform Cable USB is not detected. Please connect a cable.If a cable isconnected, please disconnect
and reconnect to the usb port, follow the instructions in the 'Found NewHardware Wizard', then retry
the Cable Setup operation.
Cable connection failed.
Connecting to cable (Parallel Port - LPT1).
Checking cable driver.
Your driver installation is not complete. Please rerun your application
as an administrator to complete the driver installation.
Service using windrvr6.sys : SYSTEM\CurrentControlSet\Services\WinDriver6.
 ImagePath = system32\drivers\windrvr6.sys.
 Start = 3.
 ErrorControl = 1.
 Type=1.
Cable connection failed.
Connecting to cable (Parallel Port - LPT2).
Checking cable driver.
Your driver installation is not complete. Please rerun your application
as an administrator to complete the driver installation.
Service using windrvr6.sys : SYSTEM\CurrentControlSet\Services\WinDriver6.
 ImagePath = system32\drivers\windrvr6.sys.
 Start = 3.
 ErrorControl = 1.
 Type=1.
Cable connection failed.
Connecting to cable (Parallel Port - LPT3).
Checking cable driver.
Your driver installation is not complete. Please rerun your application
as an administrator to complete the driver installation.
Service using windrvr6.sys : SYSTEM\CurrentControlSet\Services\WinDriver6.
 ImagePath = system32\drivers\windrvr6.sys.
 Start = 3.
 ErrorControl = 1.
 Type=1.
Cable connection failed.
Connecting to cable (Parallel Port - LPT4).
Checking cable driver.
Your driver installation is not complete. Please rerun your application
as an administrator to complete the driver installation.
Service using windrvr6.sys : SYSTEM\CurrentControlSet\Services\WinDriver6.
 ImagePath = system32\drivers\windrvr6.sys.
 Start = 3.
 ErrorControl = 1.
 Type=1.
Cable connection failed.
PROGRESS_END - End Operation.
Elapsed time =      2 sec.
Cable autodetection failed.
WARNING:iMPACT:923 - Can not find cable, check cable setup !WARNING:iMPACT - A cable must be selected to use the Debug Chain functionality.   To select a cable, use the Output menu.
// *** BATCH CMD : pasteDevice -p 1
GUI --- Auto connect to cable...
// *** BATCH CMD : setCable -port auto
AutoDetecting cable. Please wait.
PROGRESS_START - Starting Operation.
Connecting to cable (Usb Port - USB21).
Checking cable driver.
 Source driver files not found.
The Platform Cable USB is not detected. Please connect a cable.If a cable isconnected, please disconnect
and reconnect to the usb port, follow the instructions in the 'Found NewHardware Wizard', then retry
the Cable Setup operation.
Cable connection failed.
Connecting to cable (Parallel Port - LPT1).
Checking cable driver.
Your driver installation is not complete. Please rerun your application
as an administrator to complete the driver installation.
Service using windrvr6.sys : SYSTEM\CurrentControlSet\Services\WinDriver6.
 ImagePath = system32\drivers\windrvr6.sys.
 Start = 3.
 ErrorControl = 1.
 Type=1.
Cable connection failed.
Connecting to cable (Parallel Port - LPT2).
Checking cable driver.
Your driver installation is not complete. Please rerun your application
as an administrator to complete the driver installation.
Service using windrvr6.sys : SYSTEM\CurrentControlSet\Services\WinDriver6.
 ImagePath = system32\drivers\windrvr6.sys.
 Start = 3.
 ErrorControl = 1.
 Type=1.
Cable connection failed.
Connecting to cable (Parallel Port - LPT3).
Checking cable driver.
Your driver installation is not complete. Please rerun your application
as an administrator to complete the driver installation.
Service using windrvr6.sys : SYSTEM\CurrentControlSet\Services\WinDriver6.
 ImagePath = system32\drivers\windrvr6.sys.
 Start = 3.
 ErrorControl = 1.
 Type=1.
Cable connection failed.
Connecting to cable (Parallel Port - LPT4).
Checking cable driver.
Your driver installation is not complete. Please rerun your application
as an administrator to complete the driver installation.
Service using windrvr6.sys : SYSTEM\CurrentControlSet\Services\WinDriver6.
 ImagePath = system32\drivers\windrvr6.sys.
 Start = 3.
 ErrorControl = 1.
 Type=1.
Cable connection failed.
PROGRESS_END - End Operation.
Elapsed time =      1 sec.
Cable autodetection failed.
WARNING:iMPACT:923 - Can not find cable, check cable setup !GUI --- Auto connect to cable...
// *** BATCH CMD : setCable -port auto
AutoDetecting cable. Please wait.
PROGRESS_START - Starting Operation.
Connecting to cable (Usb Port - USB21).
Checking cable driver.
 Source driver files not found.
The Platform Cable USB is not detected. Please connect a cable.If a cable isconnected, please disconnect
and reconnect to the usb port, follow the instructions in the 'Found NewHardware Wizard', then retry
the Cable Setup operation.
Cable connection failed.
Connecting to cable (Parallel Port - LPT1).
Checking cable driver.
Your driver installation is not complete. Please rerun your application
as an administrator to complete the driver installation.
Service using windrvr6.sys : SYSTEM\CurrentControlSet\Services\WinDriver6.
 ImagePath = system32\drivers\windrvr6.sys.
 Start = 3.
 ErrorControl = 1.
 Type=1.
Cable connection failed.
Connecting to cable (Parallel Port - LPT2).
Checking cable driver.
Your driver installation is not complete. Please rerun your application
as an administrator to complete the driver installation.
Service using windrvr6.sys : SYSTEM\CurrentControlSet\Services\WinDriver6.
 ImagePath = system32\drivers\windrvr6.sys.
 Start = 3.
 ErrorControl = 1.
 Type=1.
Cable connection failed.
Connecting to cable (Parallel Port - LPT3).
Checking cable driver.
Your driver installation is not complete. Please rerun your application
as an administrator to complete the driver installation.
Service using windrvr6.sys : SYSTEM\CurrentControlSet\Services\WinDriver6.
 ImagePath = system32\drivers\windrvr6.sys.
 Start = 3.
 ErrorControl = 1.
 Type=1.
Cable connection failed.
Connecting to cable (Parallel Port - LPT4).
Checking cable driver.
Your driver installation is not complete. Please rerun your application
as an administrator to complete the driver installation.
Service using windrvr6.sys : SYSTEM\CurrentControlSet\Services\WinDriver6.
 ImagePath = system32\drivers\windrvr6.sys.
 Start = 3.
 ErrorControl = 1.
 Type=1.
Cable connection failed.
PROGRESS_END - End Operation.
Elapsed time =      1 sec.
Cable autodetection failed.
